#
# There is insufficient memory for the Java Runtime Environment to continue.
# Native memory allocation (malloc) failed to allocate 1048576 bytes for AllocateHeap
# Possible reasons:
#   The system is out of physical RAM or swap space
#   In 32 bit mode, the process size limit was hit
# Possible solutions:
#   Reduce memory load on the system
#   Increase physical memory or swap space
#   Check if swap backing store is full
#   Use 64 bit Java on a 64 bit OS
#   Decrease Java heap size (-Xmx/-Xms)
#   Decrease number of Java threads
#   Decrease Java thread stack sizes (-Xss)
#   Set larger code cache with -XX:ReservedCodeCacheSize=
# This output file may be truncated or incomplete.
#
#  Out of Memory Error (memory/allocation.inline.hpp:61), pid=8984, tid=0x000000000000241c
#
# JRE version:  (8.0_152-b02) (build )
# Java VM: OpenJDK 64-Bit Server VM (25.152-b02 mixed mode windows-amd64 compressed oops)
# Failed to write core dump. Minidumps are not enabled by default on client versions of Windows
#

---------------  T H R E A D  ---------------

Current thread (0x0000000004902800):  JavaThread "Unknown thread" [_thread_in_vm, id=9244, stack(0x0000000004800000,0x0000000004900000)]

Stack: [0x0000000004800000,0x0000000004900000]
[error occurred during error reporting (printing stack bounds), id 0xc0000005]

Native frames: (J=compiled Java code, j=interpreted, Vv=VM code, C=native code)


---------------  P R O C E S S  ---------------

Java Threads: ( => current thread )

Other Threads:

=>0x0000000004902800 (exited) JavaThread "Unknown thread" [_thread_in_vm, id=9244, stack(0x0000000004800000,0x0000000004900000)]

VM state:not at safepoint (normal execution)

VM Mutex/Monitor currently owned by a thread: None

Heap:
 PSYoungGen      total 18944K, used 327K [0x00000000feb00000, 0x0000000100000000, 0x0000000100000000)
  eden space 16384K, 2% used [0x00000000feb00000,0x00000000feb51ec8,0x00000000ffb00000)
  from space 2560K, 0% used [0x00000000ffd80000,0x00000000ffd80000,0x0000000100000000)
  to   space 2560K, 0% used [0x00000000ffb00000,0x00000000ffb00000,0x00000000ffd80000)
 ParOldGen       total 44032K, used 0K [0x00000000fc000000, 0x00000000feb00000, 0x00000000feb00000)
  object space 44032K, 0% used [0x00000000fc000000,0x00000000fc000000,0x00000000feb00000)
 Metaspace       used 772K, capacity 4480K, committed 4480K, reserved 1056768K
  class space    used 73K, capacity 384K, committed 384K, reserved 1048576K

Card table byte_map: [0x0000000004680000,0x00000000046b0000] byte_map_base: 0x0000000003ea0000

Marking Bits: (ParMarkBitMap*) 0x0000000059ba4970
 Begin Bits: [0x00000000145c0000, 0x00000000146c0000)
 End Bits:   [0x00000000146c0000, 0x00000000147c0000)

Polling page: 0x00000000007f0000

CodeCache: size=245760Kb used=328Kb max_used=328Kb free=245431Kb
 bounds [0x0000000004a00000, 0x0000000004c70000, 0x0000000013a00000]
 total_blobs=57 nmethods=0 adapters=38
 compilation: enabled

Compilation events (0 events):
No events

GC Heap History (0 events):
No events

Deoptimization events (0 events):
No events

Classes redefined (0 events):
No events

Internal exceptions (0 events):
No events

Events (10 events):
Event: 0.032 loading class java/lang/Short
Event: 0.032 loading class java/lang/Short done
Event: 0.032 loading class java/lang/Integer
Event: 0.032 loading class java/lang/Integer done
Event: 0.032 loading class java/lang/Long
Event: 0.032 loading class java/lang/Long done
Event: 0.034 loading class java/lang/NullPointerException
Event: 0.034 loading class java/lang/NullPointerException done
Event: 0.034 loading class java/lang/ArithmeticException
Event: 0.034 loading class java/lang/ArithmeticException done


Dynamic libraries:
0x00007ff6c7d40000 - 0x00007ff6c7d71000 	D:\Projects\Android\Android Studio\jre\bin\java.exe
0x00007ff847f20000 - 0x00007ff848100000 	C:\WINDOWS\SYSTEM32\ntdll.dll
0x00007ff8477f0000 - 0x00007ff84789e000 	C:\WINDOWS\System32\KERNEL32.DLL
0x00007ff844320000 - 0x00007ff844586000 	C:\WINDOWS\System32\KERNELBASE.dll
0x00007ff8457d0000 - 0x00007ff845871000 	C:\WINDOWS\System32\ADVAPI32.dll
0x00007ff847480000 - 0x00007ff84751d000 	C:\WINDOWS\System32\msvcrt.dll
0x00007ff845880000 - 0x00007ff8458db000 	C:\WINDOWS\System32\sechost.dll
0x00007ff847670000 - 0x00007ff84778f000 	C:\WINDOWS\System32\RPCRT4.dll
0x00007ff8478a0000 - 0x00007ff847a2f000 	C:\WINDOWS\System32\USER32.dll
0x00007ff845230000 - 0x00007ff845250000 	C:\WINDOWS\System32\win32u.dll
0x00007ff8454e0000 - 0x00007ff845508000 	C:\WINDOWS\System32\GDI32.dll
0x00007ff844f30000 - 0x00007ff8450c3000 	C:\WINDOWS\System32\gdi32full.dll
0x00007ff845250000 - 0x00007ff8452eb000 	C:\WINDOWS\System32\msvcp_win.dll
0x00007ff8452f0000 - 0x00007ff8453e6000 	C:\WINDOWS\System32\ucrtbase.dll
0x00007ff838a70000 - 0x00007ff838cd9000 	C:\WINDOWS\WinSxS\amd64_microsoft.windows.common-controls_6595b64144ccf1df_6.0.16299.371_none_15c7d1789365a290\COMCTL32.dll
0x00007ff847b80000 - 0x00007ff847e88000 	C:\WINDOWS\System32\combase.dll
0x00007ff844ce0000 - 0x00007ff844d52000 	C:\WINDOWS\System32\bcryptPrimitives.dll
0x00007ff8455e0000 - 0x00007ff84560d000 	C:\WINDOWS\System32\IMM32.DLL
0x0000000056f00000 - 0x0000000056fd2000 	D:\Projects\Android\Android Studio\jre\jre\bin\msvcr100.dll
0x00000000593e0000 - 0x0000000059c1f000 	D:\Projects\Android\Android Studio\jre\jre\bin\server\jvm.dll
0x00007ff8453f0000 - 0x00007ff8453f8000 	C:\WINDOWS\System32\PSAPI.DLL
0x00007ff836df0000 - 0x00007ff836df9000 	C:\WINDOWS\SYSTEM32\WSOCK32.dll
0x00007ff846e90000 - 0x00007ff846efc000 	C:\WINDOWS\System32\WS2_32.dll
0x00007ff83ba70000 - 0x00007ff83ba93000 	C:\WINDOWS\SYSTEM32\WINMM.dll
0x00007ff83d1e0000 - 0x00007ff83d1ea000 	C:\WINDOWS\SYSTEM32\VERSION.dll
0x00007ff83ba40000 - 0x00007ff83ba6a000 	C:\WINDOWS\SYSTEM32\WINMMBASE.dll
0x00007ff8451e0000 - 0x00007ff84522a000 	C:\WINDOWS\System32\cfgmgr32.dll
0x00007ff83fcb0000 - 0x00007ff83fcbf000 	D:\Projects\Android\Android Studio\jre\jre\bin\verify.dll
0x00007ff822c70000 - 0x00007ff822c99000 	D:\Projects\Android\Android Studio\jre\jre\bin\java.dll
0x00007ff822a90000 - 0x00007ff822aa6000 	D:\Projects\Android\Android Studio\jre\jre\bin\zip.dll

VM Arguments:
jvm_args: -Djava.awt.headless=true -Xmx64M -Dfile.encoding=windows-1252 -Duser.country=US -Duser.language=en -Duser.variant 
java_command: com.google.devtools.build.android.desugar.Desugar --input D:\Projects\Android\AndroidStudioProjects\Project2\app\build\intermediates\transforms\stackFramesFixer\debug\10.jar --output D:\Projects\Android\AndroidStudioProjects\Project2\app\build\intermediates\transforms\desugar\debug\11.jar --input D:\Projects\Android\AndroidStudioProjects\Project2\app\build\intermediates\transforms\stackFramesFixer\debug\13.jar --output D:\Projects\Android\AndroidStudioProjects\Project2\app\build\intermediates\transforms\desugar\debug\14.jar --classpath_entry D:\Projects\Android\AndroidStudioProjects\Project2\app\build\intermediates\classes\debug --classpath_entry D:\Projects\Android\AndroidStudioProjects\Project2\app\build\intermediates\transforms\stackFramesFixer\debug\0.jar --classpath_entry D:\Projects\Android\AndroidStudioProjects\Project2\app\build\intermediates\transforms\stackFramesFixer\debug\1.jar --classpath_entry D:\Projects\Android\AndroidStudioProjects\Project2\app\build\intermediates\transforms\stackFramesFixer\debug\2.jar --classpath_entry D:\Projects\Android\AndroidStudioProjects\Project2\app\build\intermediates\transforms\stackFramesFixer\debug\3.jar --classpath_entry D:\Projects\Android\AndroidStudioProjects\Project2\app\build\intermediates\transforms\stackFramesFixer\debug\4.jar --classpath_entry D:\Projects\Android\AndroidStudioProjects\Project2\app\build\intermediates\transforms\stackFramesFixer\debug\5.jar --classpath_entry D:\Projects\Android\AndroidStudioProjects\Project2\app\build\intermediates\transforms\stackFramesFixer\debug\6.jar --classpath_entry D:\Projects\Android\AndroidStudioProjects\Project2\app\build\intermediates\transforms\stackFramesFixer\debug\7.jar --classpath_entry D:\Projects\Android\AndroidStudioProjects\Project2\app\build\intermediates\transforms\stackFramesFixer\debug\8.jar --classpath_entry D:\Projects\Android\AndroidStudioProjects\Project2\app\build\intermediates\transforms\stackFramesFixer\debug\9.jar --classpath_entry
java_class_path (initial): C:\Users\Lucas\AppData\Local\Temp\desugar_deploy.jar3365782876418149903
Launcher Type: SUN_STANDARD

Environment Variables:
PATH=C:\ProgramData\Oracle\Java\javapath;C:\Windows\system32;C:\Windows;C:\Windows\System32\Wbem;C:\Windows\System32\WindowsPowerShell\v1.0\;C:\Program Files (x86)\NVIDIA Corporation\PhysX\Common;C:\WINDOWS\system32;C:\WINDOWS;C:\WINDOWS\System32\Wbem;C:\WINDOWS\System32\WindowsPowerShell\v1.0\;C:\Program Files\Lenovo\Bluetooth Software\;C:\Program Files\Lenovo\Bluetooth Software\syswow64;C:\Program Files\Intel\WiFi\bin\;C:\Program Files\Common Files\Intel\WirelessCommon\;D:\Git\cmd;C:\Users\Lucas\AppData\Local\Microsoft\WindowsApps;C:\Users\Lucas\AppData\Local\atom\bin;C:\Users\Lucas\AppData\Local\GitHubDesktop\bin
USERNAME=Lucas
OS=Windows_NT
PROCESSOR_IDENTIFIER=Intel64 Family 6 Model 94 Stepping 3, GenuineIntel



---------------  S Y S T E M  ---------------

OS: Windows 10.0 , 64 bit Build 16299 (10.0.16299.15)

CPU:total 8 (initial active 8) (4 cores per cpu, 2 threads per core) family 6 model 94 stepping 3, cmov, cx8, fxsr, mmx, sse, sse2, sse3, ssse3, sse4.1, sse4.2, popcnt, avx, avx2, aes, clmul, erms, rtm, 3dnowpref, lzcnt, ht, tsc, tscinvbit, bmi1, bmi2, adx

Memory: 4k page, physical 16600864k(4048192k free), swap 20393444k(4044k free)

vm_info: OpenJDK 64-Bit Server VM (25.152-b02) for windows-amd64 JRE (1.8.0_152-release-1024-b02), built by "builder" with MS VC++ 10.0 (VS2010)

time: Mon May 07 20:29:56 2018
elapsed time: 0 seconds (0d 0h 0m 0s)

